# JRE version: Java(TM) SE Runtime Environment (7.0_80-b15) (build 1.7.0_80-b15)
# Java VM: Java HotSpot(TM) 64-Bit Server VM (24.80-b11 mixed mode linux-amd64 compressed oops)
Heap
 PSYoungGen      total 233472K, used 0K [0x00000000eaa80000, 0x0000000100000000, 0x0000000100000000)
  eden space 117248K, 0% used [0x00000000eaa80000,0x00000000eaa80000,0x00000000f1d00000)
  from space 116224K, 0% used [0x00000000f1d00000,0x00000000f1d00000,0x00000000f8e80000)
  to   space 112640K, 0% used [0x00000000f9200000,0x00000000f9200000,0x0000000100000000)
 ParOldGen       total 306688K, used 258775K [0x00000000c0000000, 0x00000000d2b80000, 0x00000000eaa80000)
  object space 306688K, 84% used [0x00000000c0000000,0x00000000cfcb5e60,0x00000000d2b80000)
 PSPermGen       total 21504K, used 5919K [0x00000000bae00000, 0x00000000bc300000, 0x00000000c0000000)
  object space 21504K, 27% used [0x00000000bae00000,0x00000000bb3c7ea8,0x00000000bc300000)
GC Heap History (10 events):
Event: 32,642 GC heap after
Heap after GC invocations=13 (full 3):
 PSYoungGen      total 238592K, used 66027K [0x00000000eaa80000, 0x0000000100000000, 0x0000000100000000)
  eden space 172544K, 0% used [0x00000000eaa80000,0x00000000eaa80000,0x00000000f5300000)
  from space 66048K, 99% used [0x00000000fa800000,0x00000000fe87aff0,0x00000000fe880000)
  to   space 87040K, 0% used [0x00000000f5300000,0x00000000f5300000,0x00000000fa800000)
 ParOldGen       total 272896K, used 166940K [0x00000000c0000000, 0x00000000d0a80000, 0x00000000eaa80000)
  object space 272896K, 61% used [0x00000000c0000000,0x00000000ca307170,0x00000000d0a80000)
 PSPermGen       total 21504K, used 5910K [0x00000000bae00000, 0x00000000bc300000, 0x00000000c0000000)
  object space 21504K, 27% used [0x00000000bae00000,0x00000000bb3c5920,0x00000000bc300000)
}
Event: 38,478 GC heap before
{Heap before GC invocations=14 (full 3):
 PSYoungGen      total 238592K, used 238571K [0x00000000eaa80000, 0x0000000100000000, 0x0000000100000000)
  eden space 172544K, 100% used [0x00000000eaa80000,0x00000000f5300000,0x00000000f5300000)
  from space 66048K, 99% used [0x00000000fa800000,0x00000000fe87aff0,0x00000000fe880000)
  to   space 87040K, 0% used [0x00000000f5300000,0x00000000f5300000,0x00000000fa800000)
 ParOldGen       total 272896K, used 166940K [0x00000000c0000000, 0x00000000d0a80000, 0x00000000eaa80000)
  object space 272896K, 61% used [0x00000000c0000000,0x00000000ca307170,0x00000000d0a80000)
 PSPermGen       total 21504K, used 5920K [0x00000000bae00000, 0x00000000bc300000, 0x00000000c0000000)
  object space 21504K, 27% used [0x00000000bae00000,0x00000000bb3c8028,0x00000000bc300000)
Event: 39,340 GC heap after
Heap after GC invocations=14 (full 3):
 PSYoungGen      total 255488K, used 82608K [0x00000000eaa80000, 0x0000000100000000, 0x0000000100000000)
  eden space 172544K, 0% used [0x00000000eaa80000,0x00000000eaa80000,0x00000000f5300000)
  from space 82944K, 99% used [0x00000000f5300000,0x00000000fa3ac0f0,0x00000000fa400000)
  to   space 94208K, 0% used [0x00000000fa400000,0x00000000fa400000,0x0000000100000000)
 ParOldGen       total 272896K, used 228369K [0x00000000c0000000, 0x00000000d0a80000, 0x00000000eaa80000)
  object space 272896K, 83% used [0x00000000c0000000,0x00000000cdf04690,0x00000000d0a80000)
 PSPermGen       total 21504K, used 5920K [0x00000000bae00000, 0x00000000bc300000, 0x00000000c0000000)
  object space 21504K, 27% used [0x00000000bae00000,0x00000000bb3c8028,0x00000000bc300000)
}
Event: 39,340 GC heap before
{Heap before GC invocations=15 (full 4):
 PSYoungGen      total 255488K, used 82608K [0x00000000eaa80000, 0x0000000100000000, 0x0000000100000000)
  eden space 172544K, 0% used [0x00000000eaa80000,0x00000000eaa80000,0x00000000f5300000)
  from space 82944K, 99% used [0x00000000f5300000,0x00000000fa3ac0f0,0x00000000fa400000)
  to   space 94208K, 0% used [0x00000000fa400000,0x00000000fa400000,0x0000000100000000)
 ParOldGen       total 272896K, used 228369K [0x00000000c0000000, 0x00000000d0a80000, 0x00000000eaa80000)
  object space 272896K, 83% used [0x00000000c0000000,0x00000000cdf04690,0x00000000d0a80000)
 PSPermGen       total 21504K, used 5920K [0x00000000bae00000, 0x00000000bc300000, 0x00000000c0000000)
  object space 21504K, 27% used [0x00000000bae00000,0x00000000bb3c8028,0x00000000bc300000)
Event: 40,586 GC heap after
Heap after GC invocations=15 (full 4):
 PSYoungGen      total 255488K, used 0K [0x00000000eaa80000, 0x0000000100000000, 0x0000000100000000)
  eden space 172544K, 0% used [0x00000000eaa80000,0x00000000eaa80000,0x00000000f5300000)
  from space 82944K, 0% used [0x00000000f5300000,0x00000000f5300000,0x00000000fa400000)
  to   space 94208K, 0% used [0x00000000fa400000,0x00000000fa400000,0x0000000100000000)
 ParOldGen       total 306688K, used 143817K [0x00000000c0000000, 0x00000000d2b80000, 0x00000000eaa80000)
  object space 306688K, 46% used [0x00000000c0000000,0x00000000c8c726c0,0x00000000d2b80000)
 PSPermGen       total 21504K, used 5919K [0x00000000bae00000, 0x00000000bc300000, 0x00000000c0000000)
  object space 21504K, 27% used [0x00000000bae00000,0x00000000bb3c7e88,0x00000000bc300000)
}
Event: 40,886 GC heap before
{Heap before GC invocations=16 (full 4):
 PSYoungGen      total 255488K, used 172544K [0x00000000eaa80000, 0x0000000100000000, 0x0000000100000000)
  eden space 172544K, 100% used [0x00000000eaa80000,0x00000000f5300000,0x00000000f5300000)
  from space 82944K, 0% used [0x00000000f5300000,0x00000000f5300000,0x00000000fa400000)
  to   space 94208K, 0% used [0x00000000fa400000,0x00000000fa400000,0x0000000100000000)
 ParOldGen       total 306688K, used 143817K [0x00000000c0000000, 0x00000000d2b80000, 0x00000000eaa80000)
  object space 306688K, 46% used [0x00000000c0000000,0x00000000c8c726c0,0x00000000d2b80000)
 PSPermGen       total 21504K, used 5919K [0x00000000bae00000, 0x00000000bc300000, 0x00000000c0000000)
  object space 21504K, 27% used [0x00000000bae00000,0x00000000bb3c7ea8,0x00000000bc300000)
Event: 41,122 GC heap after
Heap after GC invocations=16 (full 4):
 PSYoungGen      total 211456K, used 94192K [0x00000000eaa80000, 0x0000000100000000, 0x0000000100000000)
  eden space 117248K, 0% used [0x00000000eaa80000,0x00000000eaa80000,0x00000000f1d00000)
  from space 94208K, 99% used [0x00000000fa400000,0x00000000ffffc148,0x0000000100000000)
  to   space 116224K, 0% used [0x00000000f1d00000,0x00000000f1d00000,0x00000000f8e80000)
 ParOldGen       total 306688K, used 148217K [0x00000000c0000000, 0x00000000d2b80000, 0x00000000eaa80000)
  object space 306688K, 48% used [0x00000000c0000000,0x00000000c90be6c0,0x00000000d2b80000)
 PSPermGen       total 21504K, used 5919K [0x00000000bae00000, 0x00000000bc300000, 0x00000000c0000000)
  object space 21504K, 27% used [0x00000000bae00000,0x00000000bb3c7ea8,0x00000000bc300000)
}
Event: 43,423 GC heap before
{Heap before GC invocations=17 (full 4):
 PSYoungGen      total 211456K, used 211440K [0x00000000eaa80000, 0x0000000100000000, 0x0000000100000000)
  eden space 117248K, 100% used [0x00000000eaa80000,0x00000000f1d00000,0x00000000f1d00000)
  from space 94208K, 99% used [0x00000000fa400000,0x00000000ffffc148,0x0000000100000000)
  to   space 116224K, 0% used [0x00000000f1d00000,0x00000000f1d00000,0x00000000f8e80000)
 ParOldGen       total 306688K, used 148217K [0x00000000c0000000, 0x00000000d2b80000, 0x00000000eaa80000)
  object space 306688K, 48% used [0x00000000c0000000,0x00000000c90be6c0,0x00000000d2b80000)
 PSPermGen       total 21504K, used 5919K [0x00000000bae00000, 0x00000000bc300000, 0x00000000c0000000)
  object space 21504K, 27% used [0x00000000bae00000,0x00000000bb3c7ea8,0x00000000bc300000)
Event: 43,857 GC heap after
Heap after GC invocations=17 (full 4):
 PSYoungGen      total 233472K, used 25830K [0x00000000eaa80000, 0x0000000100000000, 0x0000000100000000)
  eden space 117248K, 0% used [0x00000000eaa80000,0x00000000eaa80000,0x00000000f1d00000)
  from space 116224K, 22% used [0x00000000f1d00000,0x00000000f3639aa0,0x00000000f8e80000)
  to   space 112640K, 0% used [0x00000000f9200000,0x00000000f9200000,0x0000000100000000)
 ParOldGen       total 306688K, used 244786K [0x00000000c0000000, 0x00000000d2b80000, 0x00000000eaa80000)
  object space 306688K, 79% used [0x00000000c0000000,0x00000000cef0c858,0x00000000d2b80000)
 PSPermGen       total 21504K, used 5919K [0x00000000bae00000, 0x00000000bc300000, 0x00000000c0000000)
  object space 21504K, 27% used [0x00000000bae00000,0x00000000bb3c7ea8,0x00000000bc300000)
}
Event: 43,857 GC heap before
{Heap before GC invocations=18 (full 5):
 PSYoungGen      total 233472K, used 25830K [0x00000000eaa80000, 0x0000000100000000, 0x0000000100000000)
  eden space 117248K, 0% used [0x00000000eaa80000,0x00000000eaa80000,0x00000000f1d00000)
  from space 116224K, 22% used [0x00000000f1d00000,0x00000000f3639aa0,0x00000000f8e80000)
  to   space 112640K, 0% used [0x00000000f9200000,0x00000000f9200000,0x0000000100000000)
 ParOldGen       total 306688K, used 244786K [0x00000000c0000000, 0x00000000d2b80000, 0x00000000eaa80000)
  object space 306688K, 79% used [0x00000000c0000000,0x00000000cef0c858,0x00000000d2b80000)
 PSPermGen       total 21504K, used 5919K [0x00000000bae00000, 0x00000000bc300000, 0x00000000c0000000)
  object space 21504K, 27% used [0x00000000bae00000,0x00000000bb3c7ea8,0x00000000bc300000)

